Logfile initialized
[INFO] logfile = /Users/mschmulen/Documents/Titanium Studio Workspace/androidtest/build.log
[DEBUG] /Users/mschmulen/Library/Application Support/Titanium/mobilesdk/osx/2.0.0.GA/android/builder.py simulator androidtest /Users/mschmulen/android-sdk-macosx /Users/mschmulen/Documents/Titanium Studio Workspace/androidtest com.appc.androidtest 5 WVGA854 
[INFO] Building androidtest for Android ... one moment
[INFO] Titanium SDK version: 2.0.0 (03/30/12 10:32 b091bae)
[DEBUG] Waiting for device to be ready ...
[TRACE] adb devices returned 1 devices/emulators
[DEBUG] Device connected... (waited 0 seconds)
[DEBUG] waited 0.016874 seconds on emulator to get ready
[DEBUG] com.appc.androidtest installed? True
[INFO] Fastdev server running, deploying in Fastdev mode
[INFO] Copying CommonJS modules...
[INFO] Copying project resources..
[TRACE] COPYING MODIFIED FILE: /Users/mschmulen/Documents/Titanium Studio Workspace/androidtest/Resources/activityTest.js => /Users/mschmulen/Documents/Titanium Studio Workspace/androidtest/build/android/bin/assets/Resources/activityTest.js
[INFO] Tiapp.xml unchanged, skipping class generation
[DEBUG] Processing Android resource drawables
[DEBUG] found drawable-long-land-hdpi splash screen at /Users/mschmulen/Documents/Titanium Studio Workspace/androidtest/Resources/android/images/res-long-land-hdpi/default.png
[DEBUG] found drawable-long-land-ldpi splash screen at /Users/mschmulen/Documents/Titanium Studio Workspace/androidtest/Resources/android/images/res-long-land-ldpi/default.png
[DEBUG] found drawable-long-port-hdpi splash screen at /Users/mschmulen/Documents/Titanium Studio Workspace/androidtest/Resources/android/images/res-long-port-hdpi/default.png
[DEBUG] found drawable-long-port-ldpi splash screen at /Users/mschmulen/Documents/Titanium Studio Workspace/androidtest/Resources/android/images/res-long-port-ldpi/default.png
[DEBUG] found drawable-notlong-land-hdpi splash screen at /Users/mschmulen/Documents/Titanium Studio Workspace/androidtest/Resources/android/images/res-notlong-land-hdpi/default.png
[DEBUG] found drawable-notlong-land-ldpi splash screen at /Users/mschmulen/Documents/Titanium Studio Workspace/androidtest/Resources/android/images/res-notlong-land-ldpi/default.png
[DEBUG] found drawable-notlong-land-mdpi splash screen at /Users/mschmulen/Documents/Titanium Studio Workspace/androidtest/Resources/android/images/res-notlong-land-mdpi/default.png
[DEBUG] found drawable-notlong-port-hdpi splash screen at /Users/mschmulen/Documents/Titanium Studio Workspace/androidtest/Resources/android/images/res-notlong-port-hdpi/default.png
[DEBUG] found drawable-notlong-port-ldpi splash screen at /Users/mschmulen/Documents/Titanium Studio Workspace/androidtest/Resources/android/images/res-notlong-port-ldpi/default.png
[DEBUG] found drawable-notlong-port-mdpi splash screen at /Users/mschmulen/Documents/Titanium Studio Workspace/androidtest/Resources/android/images/res-notlong-port-mdpi/default.png
[INFO] Waiting for SDCard to become available..
[INFO] Re-launching application ... androidtest
[INFO] Launching application ... androidtest
[TRACE] Launch output: Starting: Intent { act=android.intent.action.MAIN cat=[android.intent.category.LAUNCHER] cmp=com.appc.androidtest/.AndroidtestActivity }
Warning: Activity not started, its current task has been brought to the front

